<?xml version="1.0" encoding="UTF-8"?>
<!-- Generated by org.testng.reporters.JUnitReportReporter -->
<testsuite hostname="DESKTOP-RIONQTI" failures="0" tests="2" name="testCases.TC01_E2E_Test" time="5.493" errors="0" timestamp="2023-03-28T22:45:36 CAT" skipped="0">
  <testcase classname="testCases.TC01_E2E_Test" name="tearDown" time="1.204"/>
  <system-out/>
  <testcase classname="testCases.TC01_E2E_Test" name="loginTest" time="4.289"/>
  <system-out/>
</testsuite> <!-- testCases.TC01_E2E_Test -->
